facerecognition/build/outputs/apk/manifest-merger-debug-report.txt
-- Merging decision tree log ---
manifest
ADDED from AndroidManifest.xml:3:1
	package
		ADDED from AndroidManifest.xml:4:11
		INJECTED from AndroidManifest.xml:0:0
		INJECTED from AndroidManifest.xml:0:0
	android:versionName
		ADDED from AndroidManifest.xml:6:11
	android:versionCode
		ADDED from AndroidManifest.xml:5:11
		INJECTED from AndroidManifest.xml:0:0
		INJECTED from AndroidManifest.xml:0:0
	xmlns:android
		ADDED from AndroidManifest.xml:3:11
uses-permission#android.permission.WRITE_EXTERNAL_STORAGE
ADDED from AndroidManifest.xml:7:5
	android:name
		ADDED from AndroidManifest.xml:7:22
application
ADDED from AndroidManifest.xml:8:5
	android:label
		ADDED from AndroidManifest.xml:9:9
	android:icon
		ADDED from AndroidManifest.xml:10:9
	android:theme
		ADDED from AndroidManifest.xml:11:9
activity#org.opencv.javacv.facerecognition.Main
ADDED from AndroidManifest.xml:13:9
	android:label
		ADDED from AndroidManifest.xml:14:13
	android:name
		ADDED from AndroidManifest.xml:13:19
intent-filter#android.intent.action.MAIN+android.intent.category.LAUNCHER
ADDED from AndroidManifest.xml:16:13
action#android.intent.action.MAIN
ADDED from AndroidManifest.xml:17:17
	android:name
		ADDED from AndroidManifest.xml:17:25
category#android.intent.category.LAUNCHER
ADDED from AndroidManifest.xml:18:17
	android:name
		ADDED from AndroidManifest.xml:18:27
activity#org.opencv.javacv.facerecognition.SelectSubject
ADDED from AndroidManifest.xml:21:9
	android:label
		ADDED from AndroidManifest.xml:23:13
	android:name
		ADDED from AndroidManifest.xml:22:13
intent-filter#android.intent.category.DEFAULT+com.example.button.button.SELECTSUBJECT
ADDED from AndroidManifest.xml:24:13
action#com.example.button.button.SELECTSUBJECT
ADDED from AndroidManifest.xml:25:17
	android:name
		ADDED from AndroidManifest.xml:25:25
category#android.intent.category.DEFAULT
ADDED from AndroidManifest.xml:27:17
	android:name
		ADDED from AndroidManifest.xml:27:27
activity#org.opencv.javacv.facerecognition.SelectSubjectForShow
ADDED from AndroidManifest.xml:30:9
	android:label
		ADDED from AndroidManifest.xml:32:13
	android:name
		ADDED from AndroidManifest.xml:31:13
intent-filter#android.intent.category.DEFAULT+com.example.button.button.SELECTSUBJECTFORROW
ADDED from AndroidManifest.xml:33:13
action#com.example.button.button.SELECTSUBJECTFORROW
ADDED from AndroidManifest.xml:34:17
	android:name
		ADDED from AndroidManifest.xml:34:25
activity#org.opencv.javacv.facerecognition.ShowAttendance
ADDED from AndroidManifest.xml:39:9
	android:label
		ADDED from AndroidManifest.xml:41:13
	android:name
		ADDED from AndroidManifest.xml:40:13
intent-filter#android.intent.category.DEFAULT+com.example.button.button.SHOWATTENDANCE
ADDED from AndroidManifest.xml:42:13
action#com.example.button.button.SHOWATTENDANCE
ADDED from AndroidManifest.xml:43:17
	android:name
		ADDED from AndroidManifest.xml:43:25
activity#org.opencv.javacv.facerecognition.TotalAttendance
ADDED from AndroidManifest.xml:48:9
	android:label
		ADDED from AndroidManifest.xml:50:13
	android:name
		ADDED from AndroidManifest.xml:49:13
intent-filter#android.intent.category.DEFAULT+com.example.button.button.TOTAl
ADDED from AndroidManifest.xml:51:13
action#com.example.button.button.TOTAl
ADDED from AndroidManifest.xml:52:17
	android:name
		ADDED from AndroidManifest.xml:52:25
activity#org.opencv.javacv.facerecognition.AddSubject
ADDED from AndroidManifest.xml:58:9
	android:screenOrientation
		ADDED from AndroidManifest.xml:62:13
	android:label
		ADDED from AndroidManifest.xml:61:13
	android:theme
		ADDED from AndroidManifest.xml:60:13
	android:name
		ADDED from AndroidManifest.xml:59:13
intent-filter#android.intent.category.DEFAULT+com.example.button.button.ADDSUBJECT
ADDED from AndroidManifest.xml:63:13
action#com.example.button.button.ADDSUBJECT
ADDED from AndroidManifest.xml:64:17
	android:name
		ADDED from AndroidManifest.xml:64:25
activity#org.opencv.javacv.facerecognition.FdActivity
ADDED from AndroidManifest.xml:70:9
	android:screenOrientation
		ADDED from AndroidManifest.xml:73:19
	android:label
		ADDED from AndroidManifest.xml:71:19
	android:configChanges
		ADDED from AndroidManifest.xml:72:19
	android:name
		ADDED from AndroidManifest.xml:70:19
activity#org.opencv.javacv.facerecognition.Find
ADDED from AndroidManifest.xml:76:9
	android:screenOrientation
		ADDED from AndroidManifest.xml:79:13
	android:label
		ADDED from AndroidManifest.xml:77:13
	android:configChanges
		ADDED from AndroidManifest.xml:78:13
	android:name
		ADDED from AndroidManifest.xml:76:19
activity#org.opencv.javacv.facerecognition.ImageGallery
ADDED from AndroidManifest.xml:83:9
	android:label
		ADDED from AndroidManifest.xml:84:19
	android:parentActivityName
		ADDED from AndroidManifest.xml:86:13
	android:configChanges
		ADDED from AndroidManifest.xml:85:19
	android:name
		ADDED from AndroidManifest.xml:83:19
meta-data#android.support.PARENT_ACTIVITY
ADDED from AndroidManifest.xml:88:13
	android:value
		ADDED from AndroidManifest.xml:90:17
	android:name
		ADDED from AndroidManifest.xml:89:17
intent-filter#android.intent.action.VIEW+android.intent.category.DEFAULT
ADDED from AndroidManifest.xml:93:9
action#android.intent.action.VIEW
ADDED from AndroidManifest.xml:94:3
	android:name
		ADDED from AndroidManifest.xml:94:11
activity#org.opencv.javacv.facerecognition.notes
ADDED from AndroidManifest.xml:99:9
	android:label
		ADDED from AndroidManifest.xml:100:13
	android:parentActivityName
		ADDED from AndroidManifest.xml:102:13
	android:configChanges
		ADDED from AndroidManifest.xml:101:13
	android:name
		ADDED from AndroidManifest.xml:99:19
supports-screens
ADDED from AndroidManifest.xml:120:5
	android:largeScreens
		ADDED from AndroidManifest.xml:123:23
	android:smallScreens
		ADDED from AndroidManifest.xml:121:23
	android:normalScreens
		ADDED from AndroidManifest.xml:122:23
	android:resizeable
		ADDED from AndroidManifest.xml:120:23
	android:anyDensity
		ADDED from AndroidManifest.xml:124:23
uses-sdk
ADDED from AndroidManifest.xml:126:5
MERGED from cvrecognition:openCVLibrary249:unspecified:7:5
MERGED from cvrecognition:ecoGallery:unspecified:7:5
	android:targetSdkVersion
		INJECTED from AndroidManifest.xml:0:0
		INJECTED from AndroidManifest.xml:0:0
	android:minSdkVersion
		ADDED from AndroidManifest.xml:126:15
		INJECTED from AndroidManifest.xml:0:0
		INJECTED from AndroidManifest.xml:0:0
uses-permission#android.permission.CAMERA
ADDED from AndroidManifest.xml:128:5
	android:name
		ADDED from AndroidManifest.xml:128:22
uses-feature#android.hardware.camera
ADDED from AndroidManifest.xml:130:5
	android:required
		ADDED from AndroidManifest.xml:130:58
	android:name
		ADDED from AndroidManifest.xml:130:19
uses-feature#android.hardware.camera.autofocus
ADDED from AndroidManifest.xml:131:5
	android:required
		ADDED from AndroidManifest.xml:131:68
	android:name
		ADDED from AndroidManifest.xml:131:19
uses-feature#android.hardware.camera.front
ADDED from AndroidManifest.xml:132:5
	android:required
		ADDED from AndroidManifest.xml:132:64
	android:name
		ADDED from AndroidManifest.xml:132:19
uses-feature#android.hardware.camera.front.autofocus
ADDED from AndroidManifest.xml:133:5
	android:required
		ADDED from AndroidManifest.xml:133:74
	android:name
		ADDED from AndroidManifest.xml:133:19